2014-02-10 17:45:02.183 HelloWorld[2108:80b] Multi-tasking -> Device: YES, App: YES
2014-02-10 17:45:02.558 HelloWorld[2108:80b] Unlimited access to network resources
2014-02-10 17:45:04.174 HelloWorld[2108:80b] Resetting plugins due to page load.
2014-02-10 17:45:04.320 HelloWorld[2108:80b] Finished load of: file:///Users/CardGenius/Library/Application%20Support/iPhone%20Simulator/7.0.3/Applications/90B751A8-5F3B-4E7D-B7E1-4E1776FCE4AB/HelloWorld.app/www/index.html
2014-02-10 17:57:38.881 HelloWorld[2475:80b] Multi-tasking -> Device: YES, App: YES
2014-02-10 17:57:38.889 HelloWorld[2475:80b] Unlimited access to network resources
2014-02-10 17:57:39.028 HelloWorld[2475:80b] Resetting plugins due to page load.
2014-02-10 17:57:39.153 HelloWorld[2475:80b] Finished load of: file:///Users/CardGenius/Library/Application%20Support/iPhone%20Simulator/7.0.3/Applications/90B751A8-5F3B-4E7D-B7E1-4E1776FCE4AB/HelloWorld.app/www/index.html
2014-02-10 18:00:52.006 HelloWorld[2914:80b] Multi-tasking -> Device: YES, App: YES
2014-02-10 18:00:52.014 HelloWorld[2914:80b] Unlimited access to network resources
2014-02-10 18:00:52.117 HelloWorld[2914:80b] Resetting plugins due to page load.
2014-02-10 18:00:52.186 HelloWorld[2914:80b] Finished load of: file:///Users/CardGenius/Library/Application%20Support/iPhone%20Simulator/7.0.3/Applications/90B751A8-5F3B-4E7D-B7E1-4E1776FCE4AB/HelloWorld.app/www/index.html
2014-02-10 18:02:32.585 HelloWorld[3339:80b] Multi-tasking -> Device: YES, App: YES
2014-02-10 18:02:32.594 HelloWorld[3339:80b] Unlimited access to network resources
2014-02-10 18:02:32.756 HelloWorld[3339:80b] Resetting plugins due to page load.
2014-02-10 18:02:32.848 HelloWorld[3339:80b] Finished load of: file:///Users/CardGenius/Library/Application%20Support/iPhone%20Simulator/7.0.3/Applications/90B751A8-5F3B-4E7D-B7E1-4E1776FCE4AB/HelloWorld.app/www/index.html
2014-02-10 18:09:01.266 HelloWorld[3781:80b] Multi-tasking -> Device: YES, App: YES
2014-02-10 18:09:01.274 HelloWorld[3781:80b] Unlimited access to network resources
2014-02-10 18:09:01.391 HelloWorld[3781:80b] Resetting plugins due to page load.
2014-02-10 18:09:01.460 HelloWorld[3781:80b] Finished load of: file:///Users/CardGenius/Library/Application%20Support/iPhone%20Simulator/7.0.3/Applications/90B751A8-5F3B-4E7D-B7E1-4E1776FCE4AB/HelloWorld.app/www/index.html
2014-02-10 18:09:01.487 HelloWorld[3781:80b] Resetting plugins due to page load.
2014-02-10 18:09:03.524 HelloWorld[3781:80b] Finished load of: https://play.cardgenius.com/mobile.php
2014-02-10 18:09:22.845 HelloWorld[4015:80b] Multi-tasking -> Device: YES, App: YES
2014-02-10 18:09:22.854 HelloWorld[4015:80b] Unlimited access to network resources
2014-02-10 18:09:22.960 HelloWorld[4015:80b] Resetting plugins due to page load.
2014-02-10 18:09:23.025 HelloWorld[4015:80b] Finished load of: file:///Users/CardGenius/Library/Application%20Support/iPhone%20Simulator/7.0.3/Applications/90B751A8-5F3B-4E7D-B7E1-4E1776FCE4AB/HelloWorld.app/www/index.html
2014-02-10 18:09:23.051 HelloWorld[4015:80b] Resetting plugins due to page load.
2014-02-10 18:09:24.720 HelloWorld[4015:80b] Finished load of: https://play.cardgenius.com/mobile.php
2014-02-10 18:09:35.065 HelloWorld[4015:80b] Resetting plugins due to page load.
2014-02-10 18:09:38.904 HelloWorld[4015:80b] Finished load of: http://www.cardgenius.com/
2014-02-10 18:14:07.002 HelloWorld[4291:80b] Multi-tasking -> Device: YES, App: YES
2014-02-10 18:14:07.011 HelloWorld[4291:80b] Unlimited access to network resources
2014-02-10 18:14:07.202 HelloWorld[4291:80b] Resetting plugins due to page load.
2014-02-10 18:14:07.326 HelloWorld[4291:80b] Finished load of: file:///Users/CardGenius/Library/Application%20Support/iPhone%20Simulator/7.0.3/Applications/90B751A8-5F3B-4E7D-B7E1-4E1776FCE4AB/HelloWorld.app/www/index.html
2014-02-10 18:14:07.355 HelloWorld[4291:80b] Resetting plugins due to page load.
2014-02-10 18:14:09.177 HelloWorld[4291:80b] Finished load of: https://play.cardgenius.com/mobile.php
2014-02-10 18:17:29.056 HelloWorld[4572:a07] Multi-tasking -> Device: YES, App: YES
2014-02-10 18:17:29.071 HelloWorld[4572:a07] Unlimited access to network resources
2014-02-10 18:17:29.127 HelloWorld[4572:a07] Resetting plugins due to page load.
2014-02-10 18:17:29.227 HelloWorld[4572:a07] Finished load of: file:///Users/CardGenius/Library/Application%20Support/iPhone%20Simulator/6.0/Applications/7CFE438B-E888-47EE-BDB7-799EDCB398F8/HelloWorld.app/www/index.html
2014-02-10 18:17:29.234 HelloWorld[4572:a07] Resetting plugins due to page load.
2014-02-10 18:17:31.132 HelloWorld[4572:a07] Finished load of: https://play.cardgenius.com/mobile.php
2014-02-10 18:19:06.197 HelloWorld[4572:a07] Resetting plugins due to page load.
2014-02-10 18:19:08.085 HelloWorld[4572:a07] Failed to load webpage with error: The operation couldn’t be completed. (NSURLErrorDomain error -999.)
2014-02-10 18:19:08.086 HelloWorld[4572:a07] Resetting plugins due to page load.
2014-02-10 18:19:09.316 HelloWorld[4572:a07] Finished load of: https://play.cardgenius.com/m_index.php
2014-02-10 18:19:11.217 HelloWorld[4572:a07] Resetting plugins due to page load.
2014-02-10 18:19:11.948 HelloWorld[4572:a07] Finished load of: https://play.cardgenius.com/m_ring_games.php
Terminating in response to SpringBoard's termination.
